Determining if the pthread_create exist failed with the following output:
Change Dir: /home/DuangSUSE/projects/Essay-DIP-BMP-SIMD-Operation/build/CMakeFiles/CMakeTmp

Run Build Command(s):/usr/bin/gmake cmTC_02770/fast 
/usr/bin/gmake -f CMakeFiles/cmTC_02770.dir/build.make CMakeFiles/cmTC_02770.dir/build
gmake[1]: 进入目录“/home/DuangSUSE/projects/Essay-DIP-BMP-SIMD-Operation/build/CMakeFiles/CMakeTmp”
Building C object CMakeFiles/cmTC_02770.dir/CheckSymbolExists.c.o
/usr/bin/cc   -march=core2 -mmmx -msse    -o CMakeFiles/cmTC_02770.dir/CheckSymbolExists.c.o   -c /home/DuangSUSE/projects/Essay-DIP-BMP-SIMD-Operation/build/CMakeFiles/CMakeTmp/CheckSymbolExists.c
Linking C executable cmTC_02770
/usr/bin/cmake -E cmake_link_script CMakeFiles/cmTC_02770.dir/link.txt --verbose=1
/usr/bin/cc -march=core2 -mmmx -msse     CMakeFiles/cmTC_02770.dir/CheckSymbolExists.c.o  -o cmTC_02770 
/usr/bin/ld: CMakeFiles/cmTC_02770.dir/CheckSymbolExists.c.o: in function `main':
CheckSymbolExists.c:(.text+0x16): undefined reference to `pthread_create'
collect2: 错误：ld 返回 1
gmake[1]: *** [CMakeFiles/cmTC_02770.dir/build.make:87：cmTC_02770] 错误 1
gmake[1]: 离开目录“/home/DuangSUSE/projects/Essay-DIP-BMP-SIMD-Operation/build/CMakeFiles/CMakeTmp”
gmake: *** [Makefile:121：cmTC_02770/fast] 错误 2

File /home/DuangSUSE/projects/Essay-DIP-BMP-SIMD-Operation/build/CMakeFiles/CMakeTmp/CheckSymbolExists.c:
/* */
#include <pthread.h>

int main(int argc, char** argv)
{
  (void)argv;
#ifndef pthread_create
  return ((int*)(&pthread_create))[argc];
#else
  (void)argc;
  return 0;
#endif
}

Determining if the function pthread_create exists in the pthreads failed with the following output:
Change Dir: /home/DuangSUSE/projects/Essay-DIP-BMP-SIMD-Operation/build/CMakeFiles/CMakeTmp

Run Build Command(s):/usr/bin/gmake cmTC_a8765/fast 
/usr/bin/gmake -f CMakeFiles/cmTC_a8765.dir/build.make CMakeFiles/cmTC_a8765.dir/build
gmake[1]: 进入目录“/home/DuangSUSE/projects/Essay-DIP-BMP-SIMD-Operation/build/CMakeFiles/CMakeTmp”
Building C object CMakeFiles/cmTC_a8765.dir/CheckFunctionExists.c.o
/usr/bin/cc   -march=core2 -mmmx -msse -DCHECK_FUNCTION_EXISTS=pthread_create   -o CMakeFiles/cmTC_a8765.dir/CheckFunctionExists.c.o   -c /usr/share/cmake/Modules/CheckFunctionExists.c
Linking C executable cmTC_a8765
/usr/bin/cmake -E cmake_link_script CMakeFiles/cmTC_a8765.dir/link.txt --verbose=1
/usr/bin/cc -march=core2 -mmmx -msse -DCHECK_FUNCTION_EXISTS=pthread_create    CMakeFiles/cmTC_a8765.dir/CheckFunctionExists.c.o  -o cmTC_a8765 -lpthreads 
/usr/bin/ld: 找不到 -lpthreads
collect2: 错误：ld 返回 1
gmake[1]: *** [CMakeFiles/cmTC_a8765.dir/build.make:87：cmTC_a8765] 错误 1
gmake[1]: 离开目录“/home/DuangSUSE/projects/Essay-DIP-BMP-SIMD-Operation/build/CMakeFiles/CMakeTmp”
gmake: *** [Makefile:121：cmTC_a8765/fast] 错误 2


